<?xml version="1.0" encoding="UTF-8"?>
<!-- Generated by org.testng.reporters.JUnitReportReporter -->
<testsuite skipped="0" hostname="DESKTOP-SFC0TF7" name="demoPackage.DemoClass1" tests="2" failures="0" timestamp="2020-10-03T16:49:58 IST" time="0.010" errors="0">
  <testcase name="m1" time="0.009" classname="demoPackage.DemoClass1"/>
  <system-out/>
  <testcase name="m2" time="0.001" classname="demoPackage.DemoClass1"/>
  <system-out/>
</testsuite> <!-- demoPackage.DemoClass1 -->
